22:49:06.102 INFO [GridLauncherV3.parse] - Selenium server version: 3.141.59, revision: e82be7d358
22:49:06.171 INFO [GridLauncherV3.lambda$buildLaunchers$3] - Launching a standalone Selenium Server on port 4444
2021-01-15 22:49:06.216:INFO::main: Logging initialized @292ms to org.seleniumhq.jetty9.util.log.StdErrLog
22:49:06.411 INFO [WebDriverServlet.<init>] - Initialising WebDriverServlet
22:49:06.543 INFO [SeleniumServer.boot] - Selenium Server is up and running on port 4444
22:49:11.274 INFO [ActiveSessionFactory.apply] - Capabilities are: {
  "acceptSslCerts": true,
  "browserName": "chrome",
  "chromeOptions": {
    "w3c": false,
    "args": [
      "disable-gpu"
    ]
  },
  "javascriptEnable": true,
  "name": "Register"
}
22:49:11.275 INFO [ActiveSessionFactory.lambda$apply$11] - Matched factory org.openqa.selenium.grid.session.remote.ServicedSession$Factory (provider: org.openqa.selenium.chrome.ChromeDriverService)
Starting ChromeDriver 87.0.4280.20 (c99e81631faa0b2a448e658c0dbd8311fb04ddbd-refs/branch-heads/4280@{#355}) on port 36650
Only local connections are allowed.
Please see https://chromedriver.chromium.org/security-considerations for suggestions on keeping ChromeDriver safe.
ChromeDriver was started successfully.
22:49:14.704 INFO [ProtocolHandshake.createSession] - Detected dialect: OSS
22:49:14.911 INFO [RemoteSession$Factory.lambda$performHandshake$0] - Started new session 6036e044e6bad5691d0f054d6f09a011 (org.openqa.selenium.chrome.ChromeDriverService)
22:49:28.313 INFO [ActiveSessions$1.onStop] - Removing session 6036e044e6bad5691d0f054d6f09a011 (org.openqa.selenium.chrome.ChromeDriverService)
22:49:28.343 INFO [ActiveSessionFactory.apply] - Capabilities are: {
  "acceptSslCerts": true,
  "browserName": "chrome",
  "chromeOptions": {
    "w3c": false,
    "args": [
      "disable-gpu"
    ]
  },
  "javascriptEnable": true,
  "name": "Register"
}
22:49:28.344 INFO [ActiveSessionFactory.lambda$apply$11] - Matched factory org.openqa.selenium.grid.session.remote.ServicedSession$Factory (provider: org.openqa.selenium.chrome.ChromeDriverService)
Starting ChromeDriver 87.0.4280.20 (c99e81631faa0b2a448e658c0dbd8311fb04ddbd-refs/branch-heads/4280@{#355}) on port 47595
Only local connections are allowed.
Please see https://chromedriver.chromium.org/security-considerations for suggestions on keeping ChromeDriver safe.
ChromeDriver was started successfully.
22:49:31.598 INFO [ProtocolHandshake.createSession] - Detected dialect: OSS
22:49:31.645 INFO [RemoteSession$Factory.lambda$performHandshake$0] - Started new session ad8112a74c034961afa25ef8e8e8660b (org.openqa.selenium.chrome.ChromeDriverService)
22:49:31.732 INFO [ActiveSessions$1.onStop] - Removing session ad8112a74c034961afa25ef8e8e8660b (org.openqa.selenium.chrome.ChromeDriverService)
